<?xml version="1.0" encoding="UTF-8"?>
<!-- Generated by org.testng.reporters.JUnitReportReporter -->
<testsuite hostname="DESKTOP-3HV04S5" failures="0" tests="2" name="api.test.APASTests" time="0.031" errors="0" timestamp="2025-02-27T11:54:52 IST" skipped="0">
  <testcase classname="api.test.APASTests" name="ProgramTest" time="0.002"/>
  <testcase classname="api.test.APASTests" name="ProgramTest" time="0.029"/>
</testsuite> <!-- api.test.APASTests -->
