<?xml version="1.0" encoding="UTF-8"?>
<!-- Generated by org.testng.reporters.JUnitReportReporter -->
<testsuite hostname="DESKTOP-3HV04S5" failures="0" tests="2" name="api.test.CRUDTests" time="3.881" errors="0" timestamp="2025-06-02T23:27:18 IST" skipped="0">
  <testcase classname="api.test.CRUDTests" name="testPostRequest" time="1.087"/>
  <testcase classname="api.test.CRUDTests" name="testGetRequest" time="2.794"/>
</testsuite> <!-- api.test.CRUDTests -->
